<?xml version="1.0" encoding="UTF-8"?>
<testsuite xmlns:xsi="http://www.w3.org/2001/XMLSchema-instance" xsi:noNamespaceSchemaLocation="https://maven.apache.org/surefire/maven-surefire-plugin/xsd/surefire-test-report.xsd" name="StepDefinition1.TestRunner" time="0.933" tests="2" errors="0" skipped="0" failures="0">
  <properties>
[...]
</properties>
  <testcase name="Validate login functionality with correct username and password" classname="validate login functionality" time="0.1"/>
  <testcase name="Validate login functionality with incorrect username and password" classname="validate login functionality" time="0.018"/>
</testsuite>